2020/09/01 01:55:06 [error] 11#11: *1 FastCGI sent in stderr: "PHP message: PHP Fatal error:  Constant expression contains invalid operations in /var/www/htv-api/app/Providers/ResponseServiceProvider.php on line 41" while reading response header from upstream, client: 172.21.0.1, server: api.htv.test, request: "POST /api/v1/auth/login HTTP/1.1", upstream: "fastcgi://172.21.0.10:9000", host: "api.htv.test"
2020/09/07 07:07:02 [error] 9#9: *262 FastCGI sent in stderr: "PHP message: PHP Fatal error:  During class fetch: Uncaught ErrorException: include(/var/www/htv-api/vendor/composer/../../app/Http/Requests/Traits/ListRuleTrait.php): failed to open stream: No such file or directory in /var/www/htv-api/vendor/composer/ClassLoader.php:444
Stack trace:
#0 /var/www/htv-api/vendor/composer/ClassLoader.php(444): Illuminate\Foundation\Bootstrap\HandleExceptions->handleError(2, 'include(/var/ww...', '/var/www/htv-ap...', 444, Array)
#1 /var/www/htv-api/vendor/composer/ClassLoader.php(444): include()
#2 /var/www/htv-api/vendor/composer/ClassLoader.php(322): Composer\Autoload\includeFile('/var/www/htv-ap...')
#3 [internal function]: Composer\Autoload\ClassLoader->loadClass('App\\Http\\Reques...')
#4 /var/www/htv-api/app/Http/Requests/FilterQuestionsRequest.php(15): spl_autoload_call('App\\Http\\Reques...')
#5 /var/www/htv-api/vendor/composer/ClassLoader.php(444): include('/var/www/htv-ap...')
#6 /var/www/htv-api/vendor/composer/ClassLoader.php(322): Composer\Autoload\includeFile('/var/www/htv-ap...')
#7 [internal  in /var/www/htv-api/app/Http/Requests/FilterQuestionsRequest.php on line 15" while reading response header from upstream, client: 172.21.0.1, server: api.htv.test, request: "GET /api/v1/lives/45/questions HTTP/1.1", upstream: "fastcgi://172.21.0.12:9000", host: "api.htv.test"
2020/09/07 07:07:23 [error] 9#9: *264 FastCGI sent in stderr: "PHP message: PHP Fatal error:  During class fetch: Uncaught ErrorException: include(/var/www/htv-api/vendor/composer/../../app/Http/Requests/Traits/ListRuleTrait.php): failed to open stream: No such file or directory in /var/www/htv-api/vendor/composer/ClassLoader.php:444
Stack trace:
#0 /var/www/htv-api/vendor/composer/ClassLoader.php(444): Illuminate\Foundation\Bootstrap\HandleExceptions->handleError(2, 'include(/var/ww...', '/var/www/htv-ap...', 444, Array)
#1 /var/www/htv-api/vendor/composer/ClassLoader.php(444): include()
#2 /var/www/htv-api/vendor/composer/ClassLoader.php(322): Composer\Autoload\includeFile('/var/www/htv-ap...')
#3 [internal function]: Composer\Autoload\ClassLoader->loadClass('App\\Http\\Reques...')
#4 /var/www/htv-api/app/Http/Requests/FilterQuestionsRequest.php(15): spl_autoload_call('App\\Http\\Reques...')
#5 /var/www/htv-api/vendor/composer/ClassLoader.php(444): include('/var/www/htv-ap...')
#6 /var/www/htv-api/vendor/composer/ClassLoader.php(322): Composer\Autoload\includeFile('/var/www/htv-ap...')
#7 [internal  in /var/www/htv-api/app/Http/Requests/FilterQuestionsRequest.php on line 15" while reading response header from upstream, client: 172.21.0.1, server: api.htv.test, request: "GET /api/v1/lives/45/questions HTTP/1.1", upstream: "fastcgi://172.21.0.12:9000", host: "api.htv.test"
2020/09/08 02:36:19 [error] 9#9: *107 FastCGI sent in stderr: "PHP message: PHP Fatal error:  Uncaught ErrorException: include(/var/www/htv-api/vendor/composer/../../shared/app/Exceptions/Handler.php): failed to open stream: No such file or directory in /var/www/htv-api/vendor/composer/ClassLoader.php:444
Stack trace:
#0 /var/www/htv-api/vendor/composer/ClassLoader.php(444): Illuminate\Foundation\Bootstrap\HandleExceptions->handleError(2, 'include(/var/ww...', '/var/www/htv-ap...', 444, Array)
#1 /var/www/htv-api/vendor/composer/ClassLoader.php(444): include()
#2 /var/www/htv-api/vendor/composer/ClassLoader.php(322): Composer\Autoload\includeFile('/var/www/htv-ap...')
#3 [internal function]: Composer\Autoload\ClassLoader->loadClass('App\\Exceptions\\...')
#4 [internal function]: spl_autoload_call('App\\Exceptions\\...')
#5 /var/www/htv-api/vendor/laravel/framework/src/Illuminate/Container/Container.php(805): ReflectionClass->__construct('App\\Exceptions\\...')
#6 /var/www/htv-api/vendor/laravel/framework/src/Illuminate/Container/Container.php(687): Illuminate\Container\Container->build('App\\Exception in /var/www/htv-api/vendor/composer/ClassLoader.php on line 444PHP message: PHP Fatal error:  Uncaught ErrorException: include(/var/www/htv-api/vendor/composer/../../shared/app/Exceptions/Handler.php): failed to open stream: No such file or directory in /var/www/htv-api/vendor/composer/ClassLoader.php:444
Stack trace:
#0 /var/www/htv-api/vendor/composer/ClassLoader.php(444): Illuminate\Foundation\Bootstrap\HandleExceptions->handleError(2, 'include(/var/ww...', '/var/www/htv-ap...', 444, Array)
#1 /var/www/htv-api/vendor/composer/ClassLoader.php(444): include()
#2 /var/www/htv-api/vendor/composer/ClassLoader.php(322): Composer\Autoload\includeFile('/var/www/htv-ap...')
#3 [internal function]: Composer\Autoload\ClassLoader->loadClass('App\\Exceptions\\...')
#4 [internal function]: spl_autoload_call('App\\Exceptions\\...')
#5 /var/www/htv-api/vendor/laravel/framework/src/Illuminate/Container/Container.php(805): Reflec
